<?xml version="1.0" encoding="UTF-8"?>
<testng-results skipped="0" failed="0" ignored="0" total="1" passed="1">
  <reporter-output>
  </reporter-output>
  <suite name="Default suite" duration-ms="37268" started-at="2018-02-24T19:51:58Z" finished-at="2018-02-24T19:52:35Z">
    <groups>
    </groups>
    <test name="Default test" duration-ms="37268" started-at="2018-02-24T19:51:58Z" finished-at="2018-02-24T19:52:35Z">
      <class name="TestPackage.NewTest">
        <test-method status="PASS" signature="beforeMethod()[pri:0, instance:TestPackage.NewTest@3bfdc050]" name="beforeMethod" is-config="true" duration-ms="24737" started-at="2018-02-24T19:51:58Z" finished-at="2018-02-24T19:52:22Z">
          <reporter-output>
          </reporter-output>
        </test-method> <!-- beforeMethod -->
        <test-method status="PASS" signature="mavenTest()[pri:0, instance:TestPackage.NewTest@3bfdc050]" name="mavenTest" duration-ms="12382" started-at="2018-02-24T19:52:22Z" finished-at="2018-02-24T19:52:35Z">
          <reporter-output>
          </reporter-output>
        </test-method> <!-- mavenTest -->
        <test-method status="PASS" signature="afterMethod()[pri:0, instance:TestPackage.NewTest@3bfdc050]" name="afterMethod" is-config="true" duration-ms="0" started-at="2018-02-24T19:52:35Z" finished-at="2018-02-24T19:52:35Z">
          <reporter-output>
          </reporter-output>
        </test-method> <!-- afterMethod -->
      </class> <!-- TestPackage.NewTest -->
    </test> <!-- Default test -->
  </suite> <!-- Default suite -->
</testng-results>
